app/build/outputs/logs/manifest-merger-release-report.txt
-- Merging decision tree log ---
manifest
ADDED from src/main/AndroidManifest.xml:2:1-312:12
	package
		ADDED from src/main/AndroidManifest.xml:3:5-35
		INJECTED from src/main/AndroidManifest.xml
		INJECTED from src/main/AndroidManifest.xml
	android:versionName
		ADDED from src/main/AndroidManifest.xml:5:5-30
		INJECTED from src/main/AndroidManifest.xml
		INJECTED from src/main/AndroidManifest.xml
	android:versionCode
		ADDED from src/main/AndroidManifest.xml:4:5-28
		INJECTED from src/main/AndroidManifest.xml
		INJECTED from src/main/AndroidManifest.xml
	xmlns:android
		ADDED from src/main/AndroidManifest.xml:2:11-69
uses-permission#android.permission.WRITE_EXTERNAL_STORAGE
ADDED from src/main/AndroidManifest.xml:7:5-81
	android:name
		ADDED from src/main/AndroidManifest.xml:7:22-78
uses-permission#android.permission.CAMERA
ADDED from src/main/AndroidManifest.xml:8:5-65
	android:name
		ADDED from src/main/AndroidManifest.xml:8:22-62
uses-permission#android.permission.RECORD_AUDIO
ADDED from src/main/AndroidManifest.xml:9:5-71
	android:name
		ADDED from src/main/AndroidManifest.xml:9:22-68
uses-permission#android.permission.INTERNET
ADDED from src/main/AndroidManifest.xml:10:5-67
MERGED from [com.twitter.sdk.android:tweet-ui:3.0.0] AndroidManifest.xml:25:5-67
MERGED from [com.twitter.sdk.android:tweet-composer:3.0.0] AndroidManifest.xml:25:5-67
MERGED from [com.twitter.sdk.android:twitter-core:3.0.0] AndroidManifest.xml:25:5-67
MERGED from [com.koushikdutta.ion:ion:2.1.7] AndroidManifest.xml:11:5-67
MERGED from [com.koushikdutta.async:androidasync:2.1.7] AndroidManifest.xml:11:5-67
MERGED from [com.box:box-android-sdk:4.0.8] AndroidManifest.xml:11:5-67
MERGED from [com.google.firebase:firebase-crash:10.0.1] AndroidManifest.xml:18:5-66
MERGED from [com.google.firebase:firebase-analytics:10.0.1] AndroidManifest.xml:20:5-66
MERGED from [com.google.firebase:firebase-analytics-impl:10.0.1] AndroidManifest.xml:20:5-66
MERGED from [com.google.firebase:firebase-iid:10.0.1] AndroidManifest.xml:20:5-66
MERGED from [com.crashlytics.sdk.android:crashlytics:2.6.8] AndroidManifest.xml:9:5-67
MERGED from [com.crashlytics.sdk.android:beta:1.2.5] AndroidManifest.xml:9:5-67
MERGED from [com.crashlytics.sdk.android:crashlytics-core:2.3.17] AndroidManifest.xml:52:5-67
MERGED from [com.crashlytics.sdk.android:answers:1.3.13] AndroidManifest.xml:9:5-67
MERGED from [io.fabric.sdk.android:fabric:1.3.17] AndroidManifest.xml:29:5-67
	android:name
		ADDED from src/main/AndroidManifest.xml:10:22-64
uses-permission#android.permission.ACCESS_NETWORK_STATE
ADDED from src/main/AndroidManifest.xml:11:5-79
MERGED from [com.box:box-android-sdk:4.0.8] AndroidManifest.xml:12:5-79
MERGED from [com.daksh:loglr:1.2.1] AndroidManifest.xml:12:5-79
MERGED from [com.google.firebase:firebase-analytics:10.0.1] AndroidManifest.xml:21:5-78
MERGED from [com.google.firebase:firebase-analytics-impl:10.0.1] AndroidManifest.xml:21:5-78
MERGED from [com.google.firebase:firebase-iid:10.0.1] AndroidManifest.xml:19:5-78
	android:name
		ADDED from src/main/AndroidManifest.xml:11:22-76
uses-permission#android.permission.ACCESS_WIFI_STATE
ADDED from src/main/AndroidManifest.xml:12:5-76
	android:name
		ADDED from src/main/AndroidManifest.xml:12:22-73
uses-feature#android.hardware.camera
ADDED from src/main/AndroidManifest.xml:14:5-60
	android:name
		ADDED from src/main/AndroidManifest.xml:14:19-57
uses-feature#android.hardware.microphone
ADDED from src/main/AndroidManifest.xml:15:5-64
	android:name
		ADDED from src/main/AndroidManifest.xml:15:19-61
application
ADDED from src/main/AndroidManifest.xml:17:5-310:19
MERGED from [com.android.support:palette-v7:25.3.1] AndroidManifest.xml:26:5-20
MERGED from [phimpme-android-development:photoview:unspecified] AndroidManifest.xml:11:5-15:19
MERGED from [com.twitter.sdk.android:twitter:3.0.0] AndroidManifest.xml:25:5-20
MERGED from [com.twitter.sdk.android:tweet-ui:3.0.0] AndroidManifest.xml:27:5-35:19
MERGED from [com.twitter.sdk.android:tweet-composer:3.0.0] AndroidManifest.xml:27:5-37:19
MERGED from [com.twitter.sdk.android:twitter-core:3.0.0] AndroidManifest.xml:27:5-33:19
MERGED from [com.facebook.stetho:stetho-okhttp3:1.5.0] AndroidManifest.xml:11:5-20
MERGED from [com.facebook.stetho:stetho:1.5.0] AndroidManifest.xml:11:5-20
MERGED from [phimpme-android-development:pdk:unspecified] AndroidManifest.xml:11:5-14:19
MERGED from [com.koushikdutta.ion:ion:2.1.7] AndroidManifest.xml:13:5-14:19
MERGED from [com.koushikdutta.async:androidasync:2.1.7] AndroidManifest.xml:13:5-14:19
MERGED from [com.mikepenz:google-material-typeface:2.2.0.3.original] AndroidManifest.xml:27:5-20
MERGED from [com.mikepenz:community-material-typeface:1.5.54.2] AndroidManifest.xml:28:5-20
MERGED from [de.psdev.licensesdialog:licensesdialog:1.8.0] AndroidManifest.xml:26:5-20
MERGED from [de.hdodenhof:circleimageview:2.0.0] AndroidManifest.xml:9:5-20
MERGED from [com.android.support:design:25.3.1] AndroidManifest.xml:29:5-20
MERGED from [com.android.support:transition:25.3.1] AndroidManifest.xml:26:5-20
MERGED from [com.android.support.constraint:constraint-layout:1.0.2] AndroidManifest.xml:9:5-20
MERGED from [com.facebook.android:facebook-android-sdk:4.23.0] AndroidManifest.xml:28:5-48:19
MERGED from [com.android.support:cardview-v7:25.3.1] AndroidManifest.xml:26:5-20
MERGED from [com.android.support:customtabs:25.3.1] AndroidManifest.xml:26:5-20
MERGED from [com.box:box-android-sdk:4.0.8] AndroidManifest.xml:14:5-22:19
MERGED from [com.daksh:loglr:1.2.1] AndroidManifest.xml:17:5-27:19
MERGED from [com.android.support:appcompat-v7:25.3.1] AndroidManifest.xml:29:5-20
MERGED from [com.android.support:animated-vector-drawable:25.3.1] AndroidManifest.xml:26:5-20
MERGED from [com.android.support:support-vector-drawable:25.3.1] AndroidManifest.xml:26:5-20
MERGED from [com.google.firebase:firebase-core:10.0.1] AndroidManifest.xml:5:5-20
MERGED from [com.google.firebase:firebase-crash:10.0.1] AndroidManifest.xml:22:5-23:19
MERGED from [com.google.firebase:firebase-analytics:10.0.1] AndroidManifest.xml:24:5-33:19
MERGED from [com.google.firebase:firebase-analytics-impl:10.0.1] AndroidManifest.xml:24:5-28:19
MERGED from [com.google.firebase:firebase-iid:10.0.1] AndroidManifest.xml:28:5-50:19
MERGED from [com.google.firebase:firebase-common:10.0.1] AndroidManifest.xml:4:5-7:19
MERGED from [com.google.android.gms:play-services-tasks:10.0.1] AndroidManifest.xml:4:5-19
MERGED from [com.google.android.gms:play-services-basement:10.0.1] AndroidManifest.xml:19:5-21:19
MERGED from [com.android.support:support-v4:25.3.1] AndroidManifest.xml:29:5-20
MERGED from [com.android.support:support-fragment:25.3.1] AndroidManifest.xml:29:5-20
MERGED from [com.android.support:support-media-compat:25.3.1] AndroidManifest.xml:29:5-20
MERGED from [com.android.support:support-core-ui:25.3.1] AndroidManifest.xml:29:5-20
MERGED from [com.android.support:support-core-utils:25.3.1] AndroidManifest.xml:29:5-20
MERGED from [com.android.support:support-compat:25.3.1] AndroidManifest.xml:29:5-20
MERGED from [com.crashlytics.sdk.android:crashlytics:2.6.8] AndroidManifest.xml:11:5-20
MERGED from [com.crashlytics.sdk.android:beta:1.2.5] AndroidManifest.xml:11:5-20
MERGED from [com.crashlytics.sdk.android:crashlytics-core:2.3.17] AndroidManifest.xml:54:5-20
MERGED from [com.crashlytics.sdk.android:answers:1.3.13] AndroidManifest.xml:11:5-20
MERGED from [io.fabric.sdk.android:fabric:1.3.17] AndroidManifest.xml:31:5-20
	android:label
		ADDED from src/main/AndroidManifest.xml:21:9-41
	android:supportsRtl
		ADDED from src/main/AndroidManifest.xml:23:9-35
	android:allowBackup
		ADDED from src/main/AndroidManifest.xml:19:9-35
	android:icon
		ADDED from src/main/AndroidManifest.xml:20:9-43
	android:largeHeap
		ADDED from src/main/AndroidManifest.xml:22:9-33
	android:theme
		ADDED from src/main/AndroidManifest.xml:24:9-40
	android:name
		ADDED from src/main/AndroidManifest.xml:18:9-38
activity#org.fossasia.phimpme.opencamera.Camera.CameraActivity
ADDED from src/main/AndroidManifest.xml:27:9-50:20
	android:screenOrientation
		ADDED from src/main/AndroidManifest.xml:29:13-49
	android:theme
		ADDED from src/main/AndroidManifest.xml:30:13-63
	android:name
		ADDED from src/main/AndroidManifest.xml:28:13-61
intent-filter#android.intent.category.DEFAULT+android.media.action.IMAGE_CAPTURE_SECURE
ADDED from src/main/AndroidManifest.xml:31:13-34:29
action#android.media.action.IMAGE_CAPTURE_SECURE
ADDED from src/main/AndroidManifest.xml:32:17-84
	android:name
		ADDED from src/main/AndroidManifest.xml:32:25-81
category#android.intent.category.DEFAULT
ADDED from src/main/AndroidManifest.xml:33:17-76
	android:name
		ADDED from src/main/AndroidManifest.xml:33:27-73
intent-filter#android.intent.category.DEFAULT+android.intent.category.DEFAULT+android.media.action.STILL_IMAGE_CAMERA_SECURE
ADDED from src/main/AndroidManifest.xml:35:13-39:29
action#android.media.action.STILL_IMAGE_CAMERA_SECURE
ADDED from src/main/AndroidManifest.xml:36:17-89
	android:name
		ADDED from src/main/AndroidManifest.xml:36:25-86
intent-filter#android.intent.category.DEFAULT+android.intent.category.VOICE+android.media.action.IMAGE_CAPTURE
ADDED from src/main/AndroidManifest.xml:40:13-44:29
action#android.media.action.IMAGE_CAPTURE
ADDED from src/main/AndroidManifest.xml:41:17-77
	android:name
		ADDED from src/main/AndroidManifest.xml:41:25-74
category#android.intent.category.VOICE
ADDED from src/main/AndroidManifest.xml:43:17-74
	android:name
		ADDED from src/main/AndroidManifest.xml:43:27-71
intent-filter#android.intent.category.DEFAULT+android.intent.category.VOICE+android.media.action.STILL_IMAGE_CAMERA
ADDED from src/main/AndroidManifest.xml:45:13-49:29
action#android.media.action.STILL_IMAGE_CAMERA
ADDED from src/main/AndroidManifest.xml:46:17-82
	android:name
		ADDED from src/main/AndroidManifest.xml:46:25-79
activity#org.fossasia.phimpme.opencamera.Camera.TakePhoto
ADDED from src/main/AndroidManifest.xml:52:9-59:39
	android:screenOrientation
		ADDED from src/main/AndroidManifest.xml:58:13-49
	android:label
		ADDED from src/main/AndroidManifest.xml:57:13-47
	android:excludeFromRecents
		ADDED from src/main/AndroidManifest.xml:55:13-46
	android:configChanges
		ADDED from src/main/AndroidManifest.xml:54:13-74
	android:icon
		ADDED from src/main/AndroidManifest.xml:56:13-60
	android:taskAffinity
		ADDED from src/main/AndroidManifest.xml:59:13-36
	android:name
		ADDED from src/main/AndroidManifest.xml:53:13-56
receiver#org.fossasia.phimpme.opencamera.Camera.MyWidgetProvider
ADDED from src/main/AndroidManifest.xml:61:9-76:20
	android:label
		ADDED from src/main/AndroidManifest.xml:64:13-45
	android:icon
		ADDED from src/main/AndroidManifest.xml:63:13-56
	android:name
		ADDED from src/main/AndroidManifest.xml:62:13-63
intent-filter#android.appwidget.action.APPWIDGET_UPDATE
ADDED from src/main/AndroidManifest.xml:65:13-67:29
action#android.appwidget.action.APPWIDGET_UPDATE
ADDED from src/main/AndroidManifest.xml:66:17-84
	android:name
		ADDED from src/main/AndroidManifest.xml:66:25-81
meta-data#android.appwidget.provider
ADDED from src/main/AndroidManifest.xml:73:13-75:55
	android:resource
		ADDED from src/main/AndroidManifest.xml:75:17-52
	android:name
		ADDED from src/main/AndroidManifest.xml:74:17-58
receiver#org.fossasia.phimpme.opencamera.Camera.MyWidgetProviderTakePhoto
ADDED from src/main/AndroidManifest.xml:78:9-89:20
	android:label
		ADDED from src/main/AndroidManifest.xml:81:13-47
	android:icon
		ADDED from src/main/AndroidManifest.xml:80:13-60
	android:name
		ADDED from src/main/AndroidManifest.xml:79:13-72
service#org.fossasia.phimpme.opencamera.Camera.MyTileService
ADDED from src/main/AndroidManifest.xml:91:9-99:19
	android:label
		ADDED from src/main/AndroidManifest.xml:94:13-43
	android:permission
		ADDED from src/main/AndroidManifest.xml:95:13-77
	android:icon
		ADDED from src/main/AndroidManifest.xml:93:13-64
	android:name
		ADDED from src/main/AndroidManifest.xml:92:13-60
intent-filter#android.service.quicksettings.action.QS_TILE
ADDED from src/main/AndroidManifest.xml:96:13-98:29
action#android.service.quicksettings.action.QS_TILE
ADDED from src/main/AndroidManifest.xml:97:17-87
	android:name
		ADDED from src/main/AndroidManifest.xml:97:25-84
service#org.fossasia.phimpme.opencamera.Camera.MyTileServiceVideo
ADDED from src/main/AndroidManifest.xml:101:9-109:19
	android:label
		ADDED from src/main/AndroidManifest.xml:104:13-49
	android:permission
		ADDED from src/main/AndroidManifest.xml:105:13-77
	android:icon
		ADDED from src/main/AndroidManifest.xml:103:13-60
	android:name
		ADDED from src/main/AndroidManifest.xml:102:13-65
service#org.fossasia.phimpme.opencamera.Camera.MyTileServiceFrontCamera
ADDED from src/main/AndroidManifest.xml:111:9-119:19
	android:label
		ADDED from src/main/AndroidManifest.xml:114:13-43
	android:permission
		ADDED from src/main/AndroidManifest.xml:115:13-77
	android:icon
		ADDED from src/main/AndroidManifest.xml:113:13-56
	android:name
		ADDED from src/main/AndroidManifest.xml:112:13-71
activity#org.fossasia.phimpme.gallery.activities.SplashScreen
ADDED from src/main/AndroidManifest.xml:121:9-155:20
	android:configChanges
		ADDED from src/main/AndroidManifest.xml:123:13-59
	android:theme
		ADDED from src/main/AndroidManifest.xml:124:13-63
	android:name
		ADDED from src/main/AndroidManifest.xml:122:13-60
intent-filter#android.intent.action.MAIN+android.intent.category.LAUNCHER
ADDED from src/main/AndroidManifest.xml:125:13-129:29
action#android.intent.action.MAIN
ADDED from src/main/AndroidManifest.xml:126:17-69
	android:name
		ADDED from src/main/AndroidManifest.xml:126:25-66
category#android.intent.category.LAUNCHER
ADDED from src/main/AndroidManifest.xml:128:17-77
	android:name
		ADDED from src/main/AndroidManifest.xml:128:27-74
intent-filter#android.intent.category.APP_GALLERY
ADDED from src/main/AndroidManifest.xml:130:13-132:29
category#android.intent.category.APP_GALLERY
ADDED from src/main/AndroidManifest.xml:131:17-80
	android:name
		ADDED from src/main/AndroidManifest.xml:131:27-77
intent-filter#android.intent.action.GET_CONTENT+android.intent.category.DEFAULT+android.intent.category.OPENABLE
ADDED from src/main/AndroidManifest.xml:133:13-141:29
	android:label
		ADDED from src/main/AndroidManifest.xml:133:28-60
action#android.intent.action.GET_CONTENT
ADDED from src/main/AndroidManifest.xml:134:17-76
	android:name
		ADDED from src/main/AndroidManifest.xml:134:25-73
category#android.intent.category.OPENABLE
ADDED from src/main/AndroidManifest.xml:137:17-77
	android:name
		ADDED from src/main/AndroidManifest.xml:137:27-74
data
ADDED from src/main/AndroidManifest.xml:139:17-52
	android:mimeType
		ADDED from src/main/AndroidManifest.xml:139:23-49
intent-filter#android.intent.action.PICK+android.intent.category.DEFAULT
ADDED from src/main/AndroidManifest.xml:142:13-149:29
	android:label
		ADDED from src/main/AndroidManifest.xml:142:28-60
action#android.intent.action.PICK
ADDED from src/main/AndroidManifest.xml:143:17-69
	android:name
		ADDED from src/main/AndroidManifest.xml:143:25-66
intent-filter#vn.mbm.phimp.me.leafpic.OPEN_ALBUM
ADDED from src/main/AndroidManifest.xml:150:13-152:29
action#vn.mbm.phimp.me.leafpic.OPEN_ALBUM
ADDED from src/main/AndroidManifest.xml:151:17-77
	android:name
		ADDED from src/main/AndroidManifest.xml:151:25-74
meta-data#android.app.shortcuts
ADDED from src/main/AndroidManifest.xml:153:13-154:53
	android:resource
		ADDED from src/main/AndroidManifest.xml:154:17-50
	android:name
		ADDED from src/main/AndroidManifest.xml:153:24-60
activity#org.fossasia.phimpme.gallery.activities.LFMainActivity
ADDED from src/main/AndroidManifest.xml:156:9-165:20
	android:configChanges
		ADDED from src/main/AndroidManifest.xml:158:13-59
	android:theme
		ADDED from src/main/AndroidManifest.xml:159:13-63
	android:name
		ADDED from src/main/AndroidManifest.xml:157:13-62
intent-filter#android.intent.action.albumsAct+android.intent.category.DEFAULT
ADDED from src/main/AndroidManifest.xml:160:13-164:29
action#android.intent.action.albumsAct
ADDED from src/main/AndroidManifest.xml:161:17-74
	android:name
		ADDED from src/main/AndroidManifest.xml:161:25-71
activity#org.fossasia.phimpme.gallery.activities.SingleMediaActivity
ADDED from src/main/AndroidManifest.xml:166:9-200:20
	android:label
		ADDED from src/main/AndroidManifest.xml:169:13-45
	android:parentActivityName
		ADDED from src/main/AndroidManifest.xml:170:13-76
	android:configChanges
		ADDED from src/main/AndroidManifest.xml:168:13-91
	android:theme
		ADDED from src/main/AndroidManifest.xml:171:13-63
	android:name
		ADDED from src/main/AndroidManifest.xml:167:13-67
intent-filter#android.intent.action.SEND+com.google.android.voicesearch.SELF_NOTE
ADDED from src/main/AndroidManifest.xml:172:13-175:29
action#android.intent.action.SEND
ADDED from src/main/AndroidManifest.xml:173:17-69
	android:name
		ADDED from src/main/AndroidManifest.xml:173:25-66
category#com.google.android.voicesearch.SELF_NOTE
ADDED from src/main/AndroidManifest.xml:174:17-85
	android:name
		ADDED from src/main/AndroidManifest.xml:174:27-82
meta-data#android.support.PARENT_ACTIVITY
ADDED from src/main/AndroidManifest.xml:176:13-178:90
	android:value
		ADDED from src/main/AndroidManifest.xml:178:17-87
	android:name
		ADDED from src/main/AndroidManifest.xml:177:17-63
intent-filter#android.intent.action.albumPhoto+android.intent.category.DEFAULT
ADDED from src/main/AndroidManifest.xml:180:13-184:29
action#android.intent.action.albumPhoto
ADDED from src/main/AndroidManifest.xml:181:17-75
	android:name
		ADDED from src/main/AndroidManifest.xml:181:25-72
intent-filter#android.intent.action.VIEW+android.intent.category.DEFAULT
ADDED from src/main/AndroidManifest.xml:185:13-191:29
action#android.intent.action.VIEW
ADDED from src/main/AndroidManifest.xml:186:17-69
	android:name
		ADDED from src/main/AndroidManifest.xml:186:25-66
intent-filter#android.intent.category.DEFAULT+com.android.camera.action.REVIEW
ADDED from src/main/AndroidManifest.xml:192:13-199:29
action#com.android.camera.action.REVIEW
ADDED from src/main/AndroidManifest.xml:193:17-75
	android:name
		ADDED from src/main/AndroidManifest.xml:193:25-72
activity#org.fossasia.phimpme.gallery.activities.SettingsActivity
ADDED from src/main/AndroidManifest.xml:201:9-216:20
	android:label
		ADDED from src/main/AndroidManifest.xml:204:13-45
	android:configChanges
		ADDED from src/main/AndroidManifest.xml:203:13-59
	android:theme
		ADDED from src/main/AndroidManifest.xml:205:13-63
	android:name
		ADDED from src/main/AndroidManifest.xml:202:13-64
intent-filter#android.intent.action.SETTING+android.intent.category.DEFAULT
ADDED from src/main/AndroidManifest.xml:206:13-210:29
action#android.intent.action.SETTING
ADDED from src/main/AndroidManifest.xml:207:17-72
	android:name
		ADDED from src/main/AndroidManifest.xml:207:25-69
intent-filter#android.intent.action.APPLICATION_PREFERENCES+android.intent.category.DEFAULT
ADDED from src/main/AndroidManifest.xml:211:13-215:29
action#android.intent.action.APPLICATION_PREFERENCES
ADDED from src/main/AndroidManifest.xml:212:17-88
	android:name
		ADDED from src/main/AndroidManifest.xml:212:25-85
activity#org.fossasia.phimpme.gallery.activities.AboutActivity
ADDED from src/main/AndroidManifest.xml:217:9-227:20
	android:label
		ADDED from src/main/AndroidManifest.xml:220:13-42
	android:configChanges
		ADDED from src/main/AndroidManifest.xml:219:13-59
	android:theme
		ADDED from src/main/AndroidManifest.xml:221:13-63
	android:name
		ADDED from src/main/AndroidManifest.xml:218:13-61
intent-filter#android.intent.action.ABOUT+android.intent.category.DEFAULT
ADDED from src/main/AndroidManifest.xml:222:13-226:29
action#android.intent.action.ABOUT
ADDED from src/main/AndroidManifest.xml:223:17-70
	android:name
		ADDED from src/main/AndroidManifest.xml:223:25-67
activity#org.fossasia.phimpme.gallery.activities.SecurityActivity
ADDED from src/main/AndroidManifest.xml:228:9-238:20
	android:label
		ADDED from src/main/AndroidManifest.xml:231:13-45
	android:configChanges
		ADDED from src/main/AndroidManifest.xml:230:13-59
	android:theme
		ADDED from src/main/AndroidManifest.xml:232:13-63
	android:name
		ADDED from src/main/AndroidManifest.xml:229:13-64
intent-filter#android.intent.action.SECURITY+android.intent.category.DEFAULT
ADDED from src/main/AndroidManifest.xml:233:13-237:29
action#android.intent.action.SECURITY
ADDED from src/main/AndroidManifest.xml:234:17-73
	android:name
		ADDED from src/main/AndroidManifest.xml:234:25-70
activity#org.fossasia.phimpme.gallery.activities.ExcludedAlbumsActivity
ADDED from src/main/AndroidManifest.xml:239:9-248:20
	android:label
		ADDED from src/main/AndroidManifest.xml:241:13-52
	android:theme
		ADDED from src/main/AndroidManifest.xml:242:13-63
	android:name
		ADDED from src/main/AndroidManifest.xml:240:13-70
intent-filter#android.intent.action.ExcludedAlbums+android.intent.category.DEFAULT
ADDED from src/main/AndroidManifest.xml:243:13-247:29
action#android.intent.action.ExcludedAlbums
ADDED from src/main/AndroidManifest.xml:244:17-79
	android:name
		ADDED from src/main/AndroidManifest.xml:244:25-76
activity#org.fossasia.phimpme.editor.EditImageActivity
ADDED from src/main/AndroidManifest.xml:249:9-253:55
	android:screenOrientation
		ADDED from src/main/AndroidManifest.xml:251:13-49
	android:windowSoftInputMode
		ADDED from src/main/AndroidManifest.xml:253:13-52
	android:theme
		ADDED from src/main/AndroidManifest.xml:252:13-56
	android:name
		ADDED from src/main/AndroidManifest.xml:250:13-53
activity#com.yalantis.ucrop.UCropActivity
ADDED from src/main/AndroidManifest.xml:254:9-257:66
	android:screenOrientation
		ADDED from src/main/AndroidManifest.xml:256:13-49
	android:theme
		ADDED from src/main/AndroidManifest.xml:257:13-63
	android:name
		ADDED from src/main/AndroidManifest.xml:255:13-60
activity#org.fossasia.phimpme.opencamera.Camera.PhotoActivity
ADDED from src/main/AndroidManifest.xml:258:9-261:59
	android:label
		ADDED from src/main/AndroidManifest.xml:260:13-36
	android:theme
		ADDED from src/main/AndroidManifest.xml:261:13-56
	android:name
		ADDED from src/main/AndroidManifest.xml:259:13-60
activity#org.fossasia.phimpme.uploadhistory.UploadHistory
ADDED from src/main/AndroidManifest.xml:263:9-265:65
	android:label
		ADDED from src/main/AndroidManifest.xml:264:19-49
	android:theme
		ADDED from src/main/AndroidManifest.xml:265:19-62
	android:name
		ADDED from src/main/AndroidManifest.xml:263:19-62
meta-data#org.fossasia.phimpme.gallery.CustomGlideModule
ADDED from src/main/AndroidManifest.xml:267:9-269:43
	android:value
		ADDED from src/main/AndroidManifest.xml:269:13-40
	android:name
		ADDED from src/main/AndroidManifest.xml:268:13-74
provider#android.support.v4.content.FileProvider
ADDED from src/main/AndroidManifest.xml:271:9-279:20
	android:authorities
		ADDED from src/main/AndroidManifest.xml:273:13-60
		INJECTED from src/main/AndroidManifest.xml
	android:grantUriPermissions
		ADDED from src/main/AndroidManifest.xml:275:13-47
	android:exported
		ADDED from src/main/AndroidManifest.xml:274:13-37
	android:name
		ADDED from src/main/AndroidManifest.xml:272:13-67
meta-data#android.support.FILE_PROVIDER_PATHS
ADDED from src/main/AndroidManifest.xml:276:13-278:58
	android:resource
		ADDED from src/main/AndroidManifest.xml:278:17-55
	android:name
		ADDED from src/main/AndroidManifest.xml:277:17-67
activity#org.fossasia.phimpme.share.SharingActivity
ADDED from src/main/AndroidManifest.xml:281:9-286:39
	android:screenOrientation
		ADDED from src/main/AndroidManifest.xml:283:13-49
	android:windowSoftInputMode
		ADDED from src/main/AndroidManifest.xml:285:13-56
	android:largeHeap
		ADDED from src/main/AndroidManifest.xml:286:13-37
	android:theme
		ADDED from src/main/AndroidManifest.xml:284:13-56
	android:name
		ADDED from src/main/AndroidManifest.xml:282:13-50
meta-data#com.google.android.gms.version
ADDED from src/main/AndroidManifest.xml:287:9-288:76
MERGED from [com.google.android.gms:play-services-basement:10.0.1] AndroidManifest.xml:20:9-121
	android:value
		ADDED from src/main/AndroidManifest.xml:288:20-73
	android:name
		ADDED from src/main/AndroidManifest.xml:287:20-65
activity#org.fossasia.phimpme.accounts.AccountActivity
ADDED from src/main/AndroidManifest.xml:293:9-305:20
	android:screenOrientation
		ADDED from src/main/AndroidManifest.xml:295:13-49
	android:theme
		ADDED from src/main/AndroidManifest.xml:296:13-63
	android:name
		ADDED from src/main/AndroidManifest.xml:294:13-53
intent-filter#android.intent.action.VIEW+android.intent.category.BROWSABLE+android.intent.category.DEFAULT
ADDED from src/main/AndroidManifest.xml:297:13-304:29
category#android.intent.category.BROWSABLE
ADDED from src/main/AndroidManifest.xml:301:17-78
	android:name
		ADDED from src/main/AndroidManifest.xml:301:27-75
meta-data#io.fabric.ApiKey
ADDED from src/main/AndroidManifest.xml:307:9-309:72
	android:value
		ADDED from src/main/AndroidManifest.xml:309:13-69
	android:name
		ADDED from src/main/AndroidManifest.xml:308:13-44
uses-sdk
INJECTED from src/main/AndroidManifest.xml reason: use-sdk injection requested
MERGED from [com.android.support:multidex:1.0.1] AndroidManifest.xml:18:5-42
MERGED from [io.realm:realm-android-library:3.3.1] AndroidManifest.xml:7:5-9:41
MERGED from [com.getkeepsafe.relinker:relinker:1.2.2] AndroidManifest.xml:7:5-43
MERGED from [com.github.deano2390:MaterialShowcaseView:1.1.0] AndroidManifest.xml:7:5-9:41
MERGED from [com.jakewharton:butterknife:8.6.0] AndroidManifest.xml:5:5-43
MERGED from [com.android.support:palette-v7:25.3.1] AndroidManifest.xml:20:5-43
MERGED from [phimpme-android-development:photoview:unspecified] AndroidManifest.xml:7:5-9:41
MERGED from [com.twitter.sdk.android:twitter:3.0.0] AndroidManifest.xml:23:5-44
MERGED from [com.twitter.sdk.android:tweet-ui:3.0.0] AndroidManifest.xml:23:5-44
MERGED from [com.twitter.sdk.android:tweet-composer:3.0.0] AndroidManifest.xml:23:5-44
MERGED from [com.twitter.sdk.android:twitter-core:3.0.0] AndroidManifest.xml:23:5-44
MERGED from [com.facebook.stetho:stetho-okhttp3:1.5.0] AndroidManifest.xml:7:5-9:41
MERGED from [com.facebook.stetho:stetho:1.5.0] AndroidManifest.xml:7:5-9:41
MERGED from [com.github.amlcurran.showcaseview:library:5.4.3] AndroidManifest.xml:22:5-24:41
MERGED from [com.github.nextcloud:android-library:1.0.21] AndroidManifest.xml:30:5-32:41
MERGED from [phimpme-android-development:openCVLibrary24133:unspecified] AndroidManifest.xml:7:5-9:41
MERGED from [phimpme-android-development:pdk:unspecified] AndroidManifest.xml:7:5-9:41
MERGED from [uz.shift:colorpicker:0.5] AndroidManifest.xml:7:5-9:41
MERGED from [com.koushikdutta.ion:ion:2.1.7] AndroidManifest.xml:7:5-9:41
MERGED from [com.koushikdutta.async:androidasync:2.1.7] AndroidManifest.xml:7:5-9:41
MERGED from [com.mikepenz:iconics-core:2.8.4] AndroidManifest.xml:8:5-10:41
MERGED from [com.mikepenz:google-material-typeface:2.2.0.3.original] AndroidManifest.xml:23:5-25:41
MERGED from [com.mikepenz:community-material-typeface:1.5.54.2] AndroidManifest.xml:24:5-26:41
MERGED from [com.mikepenz:fontawesome-typeface:4.6.0.1] AndroidManifest.xml:8:5-10:41
MERGED from [pl.droidsonroids.gif:android-gif-drawable:1.2.7] AndroidManifest.xml:7:5-9:41
MERGED from [com.yalantis:ucrop:1.5.0] AndroidManifest.xml:8:5-10:41
MERGED from [com.google.android.exoplayer:exoplayer:r1.5.7] AndroidManifest.xml:24:5-26:41
MERGED from [de.psdev.licensesdialog:licensesdialog:1.8.0] AndroidManifest.xml:23:5-25:41
MERGED from [de.hdodenhof:circleimageview:2.0.0] AndroidManifest.xml:5:5-7:41
MERGED from [com.turingtechnologies.materialscrollbar:lib:10.0.3] AndroidManifest.xml:7:5-9:41
MERGED from [com.android.support:design:25.3.1] AndroidManifest.xml:21:5-23:62
MERGED from [com.android.support:transition:25.3.1] AndroidManifest.xml:20:5-44
MERGED from [com.android.support:recyclerview-v7:25.3.1] AndroidManifest.xml:20:5-43
MERGED from [com.android.support.constraint:constraint-layout:1.0.2] AndroidManifest.xml:5:5-7:41
MERGED from [com.facebook.android:facebook-android-sdk:4.23.0] AndroidManifest.xml:24:5-26:41
MERGED from [com.android.support:cardview-v7:25.3.1] AndroidManifest.xml:20:5-43
MERGED from [com.android.support:customtabs:25.3.1] AndroidManifest.xml:20:5-44
MERGED from [com.uphyca:stetho_realm:2.0.0] AndroidManifest.xml:8:5-10:41
MERGED from [com.box:box-android-sdk:4.0.8] AndroidManifest.xml:7:5-9:41
MERGED from [com.daksh:loglr:1.2.1] AndroidManifest.xml:8:5-10:41
MERGED from [com.android.support:appcompat-v7:25.3.1] AndroidManifest.xml:21:5-23:78
MERGED from [com.android.support:animated-vector-drawable:25.3.1] AndroidManifest.xml:20:5-44
MERGED from [com.android.support:support-vector-drawable:25.3.1] AndroidManifest.xml:20:5-43
MERGED from [com.google.firebase:firebase-core:10.0.1] AndroidManifest.xml:4:5-42
MERGED from [com.google.firebase:firebase-crash:10.0.1] AndroidManifest.xml:20:5-42
MERGED from [com.google.firebase:firebase-analytics:10.0.1] AndroidManifest.xml:17:5-42
MERGED from [com.google.firebase:firebase-analytics-impl:10.0.1] AndroidManifest.xml:17:5-42
MERGED from [com.google.firebase:firebase-iid:10.0.1] AndroidManifest.xml:17:5-42
MERGED from [com.google.firebase:firebase-common:10.0.1] AndroidManifest.xml:3:5-42
MERGED from [com.google.android.gms:play-services-tasks:10.0.1] AndroidManifest.xml:3:5-42
MERGED from [com.google.android.gms:play-services-basement:10.0.1] AndroidManifest.xml:17:5-42
MERGED from [com.android.support:support-v4:25.3.1] AndroidManifest.xml:21:5-23:54
MERGED from [com.android.support:support-fragment:25.3.1] AndroidManifest.xml:21:5-23:60
MERGED from [com.android.support:support-media-compat:25.3.1] AndroidManifest.xml:21:5-23:63
MERGED from [com.android.support:support-core-ui:25.3.1] AndroidManifest.xml:21:5-23:58
MERGED from [com.android.support:support-core-utils:25.3.1] AndroidManifest.xml:21:5-23:61
MERGED from [com.android.support:support-compat:25.3.1] AndroidManifest.xml:21:5-23:58